<?xml version="1.0" encoding="UTF-8"?>
<!-- Generated by org.testng.reporters.JUnitReportReporter -->
<testsuite name="com.Averroes.e2etests.RunnerGenererPDF" tests="1" time="324.981" ignored="0" failures="0" timestamp="21 Jun 2018 10:39:16 GMT" skipped="0" hostname="Safa" errors="0">
  <testcase name="feature" time="324.981" classname="com.Averroes.e2etests.RunnerGenererPDF"/>
</testsuite> <!-- com.Averroes.e2etests.RunnerGenererPDF -->
