<?xml version="1.0" encoding="UTF-8"?>
<!-- Generated by org.testng.reporters.JUnitReportReporter -->
<testsuite name="com.Averroes.e2etests.RunnerTest" tests="1" time="50.414" ignored="0" failures="0" timestamp="29 May 2018 10:13:02 GMT" skipped="0" hostname="Safa" errors="0">
  <testcase name="feature" time="50.414" classname="com.Averroes.e2etests.RunnerTest"/>
</testsuite> <!-- com.Averroes.e2etests.RunnerTest -->
