<?xml version="1.0" encoding="UTF-8"?>
<!-- Generated by org.testng.reporters.JUnitReportReporter -->
<testsuite name="com.Averroes.e2etests.FiligranerPDFRunner" tests="1" time="213.468" ignored="0" failures="0" timestamp="21 Jun 2018 09:51:31 GMT" skipped="0" hostname="Safa" errors="0">
  <testcase name="feature" time="213.468" classname="com.Averroes.e2etests.FiligranerPDFRunner"/>
</testsuite> <!-- com.Averroes.e2etests.FiligranerPDFRunner -->
